<?xml version="1.0" encoding="UTF-8"?>
<testng-results ignored="0" total="3" passed="3" failed="0" skipped="0">
  <reporter-output>
  </reporter-output>
  <suite started-at="2024-08-20T19:16:28 TRT" name="Default suite" finished-at="2024-08-20T19:17:12 TRT" duration-ms="43756">
    <groups>
      <group name="cucumber">
        <method signature="AbstractTestNGCucumberTests.runScenario(io.cucumber.testng.PickleWrapper,io.cucumber.testng.FeatureWrapper)[pri:0, instance:TestRunner.Runner@1623134f]" name="runScenario" class="io.cucumber.testng.AbstractTestNGCucumberTests"/>
      </group> <!-- cucumber -->
    </groups>
    <test started-at="2024-08-20T19:16:28 TRT" name="Default test" finished-at="2024-08-20T19:17:12 TRT" duration-ms="43756">
      <class name="TestRunner.Runner">
        <test-method is-config="true" signature="setUpClass(org.testng.ITestContext)[pri:0, instance:TestRunner.Runner@1623134f]" started-at="2024-08-20T19:16:28 TRT" name="setUpClass" finished-at="2024-08-20T19:16:29 TRT" duration-ms="1058" status="PASS">
          <params>
            <param index="0">
              <value>
                <![CDATA[org.testng.TestRunner@3b98b809]]>
              </value>
            </param>
          </params>
          <reporter-output>
          </reporter-output>
        </test-method> <!-- setUpClass -->
        <test-method signature="runScenario(io.cucumber.testng.PickleWrapper,io.cucumber.testng.FeatureWrapper)[pri:0, instance:TestRunner.Runner@1623134f]" started-at="2024-08-20T19:16:30 TRT" name="runScenario" description="Runs Cucumber Scenarios" data-provider="scenarios" finished-at="2024-08-20T19:16:44 TRT" duration-ms="14245" status="PASS">
          <params>
            <param index="0">
              <value>
                <![CDATA["Filtering process through the All hamburger menu - Computer"]]>
              </value>
            </param>
            <param index="1">
              <value>
                <![CDATA["Filtering laptop by operating system"]]>
              </value>
            </param>
          </params>
          <reporter-output>
          </reporter-output>
        </test-method> <!-- runScenario -->
        <test-method signature="runScenario(io.cucumber.testng.PickleWrapper,io.cucumber.testng.FeatureWrapper)[pri:0, instance:TestRunner.Runner@1623134f]" started-at="2024-08-20T19:16:44 TRT" name="runScenario" description="Runs Cucumber Scenarios" data-provider="scenarios" finished-at="2024-08-20T19:16:59 TRT" duration-ms="15220" status="PASS">
          <params>
            <param index="0">
              <value>
                <![CDATA["Filtering process through the All hamburger menu - Electronics"]]>
              </value>
            </param>
            <param index="1">
              <value>
                <![CDATA["Filtering laptop by operating system"]]>
              </value>
            </param>
          </params>
          <reporter-output>
          </reporter-output>
        </test-method> <!-- runScenario -->
        <test-method signature="runScenario(io.cucumber.testng.PickleWrapper,io.cucumber.testng.FeatureWrapper)[pri:0, instance:TestRunner.Runner@1623134f]" started-at="2024-08-20T19:16:59 TRT" name="runScenario" description="Runs Cucumber Scenarios" data-provider="scenarios" finished-at="2024-08-20T19:17:12 TRT" duration-ms="13080" status="PASS">
          <params>
            <param index="0">
              <value>
                <![CDATA["Filter using search bar - windows11 home laptop"]]>
              </value>
            </param>
            <param index="1">
              <value>
                <![CDATA["Filtering laptop by operating system"]]>
              </value>
            </param>
          </params>
          <reporter-output>
          </reporter-output>
        </test-method> <!-- runScenario -->
        <test-method is-config="true" signature="tearDownClass()[pri:0, instance:TestRunner.Runner@1623134f]" started-at="2024-08-20T19:17:12 TRT" name="tearDownClass" finished-at="2024-08-20T19:17:12 TRT" duration-ms="59" status="PASS">
          <reporter-output>
          </reporter-output>
        </test-method> <!-- tearDownClass -->
      </class> <!-- TestRunner.Runner -->
    </test> <!-- Default test -->
  </suite> <!-- Default suite -->
</testng-results>
